This is pdfTeX, Version 3.14159265-2.6-1.40.18 (MiKTeX 2.9.6350 64-bit) (preloaded format=pdflatex 2017.11.23)  13 DEC 2017 13:51
entering extended mode
**./SWEP-Paper-ver0.1.tex
(SWEP-Paper-ver0.1.tex
LaTeX2e <2017-04-15>
Babel <3.10> and hyphenation patterns for 75 language(s) loaded.
("C:\Program Files\MiKTeX 2.9\tex\latex\base\article.cls"
Document Class: article 2014/09/29 v1.4h Standard LaTeX document class
("C:\Program Files\MiKTeX 2.9\tex\latex\base\size11.clo"
File: size11.clo 2014/09/29 v1.4h Standard LaTeX file (size option)
)
\c@part=\count79
\c@section=\count80
\c@subsection=\count81
\c@subsubsection=\count82
\c@paragraph=\count83
\c@subparagraph=\count84
\c@figure=\count85
\c@table=\count86
\abovecaptionskip=\skip41
\belowcaptionskip=\skip42
\bibindent=\dimen102
)
(C:\Users\Nora\AppData\Roaming\MiKTeX\2.9\tex\latex\cite\cite.sty
LaTeX Info: Redefining \cite on input line 302.
LaTeX Info: Redefining \nocite on input line 332.
Package: cite 2015/02/27  v 5.5
)
(C:\Users\Nora\AppData\Roaming\MiKTeX\2.9\tex\latex\comment\comment.sty
\CommentStream=\write3

Excluding comment 'comment')
("C:\Program Files\MiKTeX 2.9\tex\latex\graphics\graphicx.sty"
Package: graphicx 2014/10/28 v1.0g Enhanced LaTeX Graphics (DPC,SPQR)

("C:\Program Files\MiKTeX 2.9\tex\latex\graphics\keyval.sty"
Package: keyval 2014/10/28 v1.15 key=value parser (DPC)
\KV@toks@=\toks14
)
("C:\Program Files\MiKTeX 2.9\tex\latex\graphics\graphics.sty"
Package: graphics 2017/04/14 v1.1b Standard LaTeX Graphics (DPC,SPQR)

("C:\Program Files\MiKTeX 2.9\tex\latex\graphics\trig.sty"
Package: trig 2016/01/03 v1.10 sin cos tan (DPC)
)
("C:\Program Files\MiKTeX 2.9\tex\latex\graphics-cfg\graphics.cfg"
File: graphics.cfg 2016/06/04 v1.11 sample graphics configuration
)
Package graphics Info: Driver file: pdftex.def on input line 99.

("C:\Program Files\MiKTeX 2.9\tex\latex\graphics-def\pdftex.def"
File: pdftex.def 2017/01/12 v0.06k Graphics/color for pdfTeX

("C:\Program Files\MiKTeX 2.9\tex\generic\oberdiek\infwarerr.sty"
Package: infwarerr 2016/05/16 v1.4 Providing info/warning/error messages (HO)
)
("C:\Program Files\MiKTeX 2.9\tex\generic\oberdiek\ltxcmds.sty"
Package: ltxcmds 2016/05/16 v1.23 LaTeX kernel commands for general use (HO)
)
\Gread@gobject=\count87
))
\Gin@req@height=\dimen103
\Gin@req@width=\dimen104
)
(C:\Users\Nora\AppData\Roaming\MiKTeX\2.9\tex\latex\caption\caption.sty
Package: caption 2016/02/21 v3.3-144 Customizing captions (AR)

(C:\Users\Nora\AppData\Roaming\MiKTeX\2.9\tex\latex\caption\caption3.sty
Package: caption3 2016/05/22 v1.7-166 caption3 kernel (AR)
Package caption3 Info: TeX engine: e-TeX on input line 67.
\captionmargin=\dimen105
\captionmargin@=\dimen106
\captionwidth=\dimen107
\caption@tempdima=\dimen108
\caption@indent=\dimen109
\caption@parindent=\dimen110
\caption@hangindent=\dimen111
)
\c@ContinuedFloat=\count88
)
(C:\Users\Nora\AppData\Roaming\MiKTeX\2.9\tex\latex\refstyle\refstyle.sty
Package: refstyle 2010/11/02 v0.5 Reference formatting (DNJ Els)
Package refstyle Info: Config file refstyle.cfg used on input line 322.

(C:\Users\Nora\AppData\Roaming\MiKTeX\2.9\tex\latex\refstyle\refstyle.cfg
File: refstyle.cfg 2010/11/02 0.5 Configuration file for refstyle (DNJ Els)
Package refstyle Info: New reference template \newref{part} on input line 468.
Package refstyle Info: \partkey created on input line 468.
Package refstyle Info: \partlabel created on input line 468.
Package refstyle Info: \partref created on input line 468.
Package refstyle Info: \Partref created on input line 468.
Package refstyle Info: \partrangeref created on input line 468.
Package refstyle Info: \Partrangeref created on input line 468.
Package refstyle Info: \partpageref created on input line 468.
Package refstyle Info: New reference template \newref{chap} on input line 501.
Package refstyle Info: \chapkey created on input line 501.
Package refstyle Info: \chaplabel created on input line 501.
Package refstyle Info: \chapref created on input line 501.
Package refstyle Info: \Chapref created on input line 501.
Package refstyle Info: \chaprangeref created on input line 501.
Package refstyle Info: \Chaprangeref created on input line 501.
Package refstyle Info: \chappageref created on input line 501.
Package refstyle Info: New reference template \newref{sec} on input line 511.
Package refstyle Info: \seckey created on input line 511.
Package refstyle Info: \seclabel created on input line 511.
Package refstyle Info: \secref created on input line 511.
Package refstyle Info: \Secref created on input line 511.
Package refstyle Info: \secrangeref created on input line 511.
Package refstyle Info: \Secrangeref created on input line 511.
Package refstyle Info: \secpageref created on input line 511.
Package refstyle Info: New reference template \newref{eq} on input line 526.
Package refstyle Info: \eqkey created on input line 526.
Package refstyle Info: \eqlabel created on input line 526.
Package refstyle Info: \eqref created on input line 526.
Package refstyle Info: \Eqref created on input line 526.
Package refstyle Info: \eqrangeref created on input line 526.
Package refstyle Info: \Eqrangeref created on input line 526.
Package refstyle Info: \eqpageref created on input line 526.
Package refstyle Info: New reference template \newref{fig} on input line 544.
Package refstyle Info: \figkey created on input line 544.
Package refstyle Info: \figlabel created on input line 544.
Package refstyle Info: \figref created on input line 544.
Package refstyle Info: \Figref created on input line 544.
Package refstyle Info: \figrangeref created on input line 544.
Package refstyle Info: \Figrangeref created on input line 544.
Package refstyle Info: \figpageref created on input line 544.
Package refstyle Info: New reference template \newref{tab} on input line 553.
Package refstyle Info: \tabkey created on input line 553.
Package refstyle Info: \tablabel created on input line 553.
Package refstyle Info: \tabref created on input line 553.
Package refstyle Info: \Tabref created on input line 553.
Package refstyle Info: \tabrangeref created on input line 553.
Package refstyle Info: \Tabrangeref created on input line 553.
Package refstyle Info: \tabpageref created on input line 553.
Package refstyle Info: New reference template \newref{fn} on input line 568.
Package refstyle Info: \fnkey created on input line 568.
Package refstyle Info: \fnlabel created on input line 568.
Package refstyle Info: \fnref created on input line 568.
Package refstyle Info: \Fnref created on input line 568.
Package refstyle Info: \fnrangeref created on input line 568.
Package refstyle Info: \Fnrangeref created on input line 568.
Package refstyle Info: \fnpageref created on input line 568.
))
("C:\Program Files\MiKTeX 2.9\tex\latex\geometry\geometry.sty"
Package: geometry 2010/09/12 v5.6 Page Geometry

("C:\Program Files\MiKTeX 2.9\tex\generic\oberdiek\ifpdf.sty"
Package: ifpdf 2017/03/15 v3.2 Provides the ifpdf switch
)
("C:\Program Files\MiKTeX 2.9\tex\generic\oberdiek\ifvtex.sty"
Package: ifvtex 2016/05/16 v1.6 Detect VTeX and its facilities (HO)
Package ifvtex Info: VTeX not detected.
)
("C:\Program Files\MiKTeX 2.9\tex\generic\ifxetex\ifxetex.sty"
Package: ifxetex 2010/09/12 v0.6 Provides ifxetex conditional
)
\Gm@cnth=\count89
\Gm@cntv=\count90
\c@Gm@tempcnt=\count91
\Gm@bindingoffset=\dimen112
\Gm@wd@mp=\dimen113
\Gm@odd@mp=\dimen114
\Gm@even@mp=\dimen115
\Gm@layoutwidth=\dimen116
\Gm@layoutheight=\dimen117
\Gm@layouthoffset=\dimen118
\Gm@layoutvoffset=\dimen119
\Gm@dimlist=\toks15

("C:\Program Files\MiKTeX 2.9\tex\latex\geometry\geometry.cfg"))
(SWEP-Paper-ver0.1.aux)
\openout1 = `SWEP-Paper-ver0.1.aux'.

LaTeX Font Info:    Checking defaults for OML/cmm/m/it on input line 20.
LaTeX Font Info:    ... okay on input line 20.
LaTeX Font Info:    Checking defaults for T1/cmr/m/n on input line 20.
LaTeX Font Info:    ... okay on input line 20.
LaTeX Font Info:    Checking defaults for OT1/cmr/m/n on input line 20.
LaTeX Font Info:    ... okay on input line 20.
LaTeX Font Info:    Checking defaults for OMS/cmsy/m/n on input line 20.
LaTeX Font Info:    ... okay on input line 20.
LaTeX Font Info:    Checking defaults for OMX/cmex/m/n on input line 20.
LaTeX Font Info:    ... okay on input line 20.
LaTeX Font Info:    Checking defaults for U/cmr/m/n on input line 20.
LaTeX Font Info:    ... okay on input line 20.

(C:\Users\Nora\AppData\Roaming\MiKTeX\2.9\tex\context\base\supp-pdf.mkii
[Loading MPS to PDF converter (version 2006.09.02).]
\scratchcounter=\count92
\scratchdimen=\dimen120
\scratchbox=\box26
\nofMPsegments=\count93
\nofMParguments=\count94
\everyMPshowfont=\toks16
\MPscratchCnt=\count95
\MPscratchDim=\dimen121
\MPnumerator=\count96
\makeMPintoPDFobject=\count97
\everyMPtoPDFconversion=\toks17
) ("C:\Program Files\MiKTeX 2.9\tex\generic\oberdiek\pdftexcmds.sty"
Package: pdftexcmds 2017/03/19 v0.25 Utility functions of pdfTeX for LuaTeX (HO
)

("C:\Program Files\MiKTeX 2.9\tex\generic\oberdiek\ifluatex.sty"
Package: ifluatex 2016/05/16 v1.4 Provides the ifluatex switch (HO)
Package ifluatex Info: LuaTeX not detected.
)
Package pdftexcmds Info: LuaTeX not detected.
Package pdftexcmds Info: \pdf@primitive is available.
Package pdftexcmds Info: \pdf@ifprimitive is available.
Package pdftexcmds Info: \pdfdraftmode found.
)
("C:\Program Files\MiKTeX 2.9\tex\latex\oberdiek\epstopdf-base.sty"
Package: epstopdf-base 2016/05/15 v2.6 Base part for package epstopdf

("C:\Program Files\MiKTeX 2.9\tex\latex\oberdiek\grfext.sty"
Package: grfext 2016/05/16 v1.2 Manage graphics extensions (HO)

("C:\Program Files\MiKTeX 2.9\tex\generic\oberdiek\kvdefinekeys.sty"
Package: kvdefinekeys 2016/05/16 v1.4 Define keys (HO)
))
("C:\Program Files\MiKTeX 2.9\tex\latex\oberdiek\kvoptions.sty"
Package: kvoptions 2016/05/16 v3.12 Key value format for package options (HO)

("C:\Program Files\MiKTeX 2.9\tex\generic\oberdiek\kvsetkeys.sty"
Package: kvsetkeys 2016/05/16 v1.17 Key value parser (HO)

("C:\Program Files\MiKTeX 2.9\tex\generic\oberdiek\etexcmds.sty"
Package: etexcmds 2016/05/16 v1.6 Avoid name clashes with e-TeX commands (HO)
Package etexcmds Info: Could not find \expanded.
(etexcmds)             That can mean that you are not using pdfTeX 1.50 or
(etexcmds)             that some package has redefined \expanded.
(etexcmds)             In the latter case, load this package earlier.
)))
Package epstopdf-base Info: Redefining graphics rule for `.eps' on input line 4
38.
Package grfext Info: Graphics extension search list:
(grfext)             [.png,.pdf,.jpg,.mps,.jpeg,.jbig2,.jb2,.PNG,.PDF,.JPG,.JPE
G,.JBIG2,.JB2,.eps]
(grfext)             \AppendGraphicsExtensions on input line 456.
)
Package caption Info: Begin \AtBeginDocument code.
Package caption Info: End \AtBeginDocument code.

*geometry* driver: auto-detecting
*geometry* detected driver: pdftex
*geometry* verbose mode - [ preamble ] result:
* driver: pdftex
* paper: <default>
* layout: <same size as paper>
* layoutoffset:(h,v)=(0.0pt,0.0pt)
* modes: 
* h-part:(L,W,R)=(72.26999pt, 469.75502pt, 72.26999pt)
* v-part:(T,H,B)=(72.26999pt, 650.43001pt, 72.26999pt)
* \paperwidth=614.295pt
* \paperheight=794.96999pt
* \textwidth=469.75502pt
* \textheight=650.43001pt
* \oddsidemargin=0.0pt
* \evensidemargin=0.0pt
* \topmargin=-37.0pt
* \headheight=12.0pt
* \headsep=25.0pt
* \topskip=11.0pt
* \footskip=30.0pt
* \marginparwidth=59.0pt
* \marginparsep=10.0pt
* \columnsep=10.0pt
* \skip\footins=10.0pt plus 4.0pt minus 2.0pt
* \hoffset=0.0pt
* \voffset=0.0pt
* \mag=1000
* \@twocolumnfalse
* \@twosidefalse
* \@mparswitchfalse
* \@reversemarginfalse
* (1in=72.27pt=25.4mm, 1cm=28.453pt)

LaTeX Font Info:    External font `cmex10' loaded for size
(Font)              <12> on input line 21.
LaTeX Font Info:    External font `cmex10' loaded for size
(Font)              <8> on input line 21.
LaTeX Font Info:    External font `cmex10' loaded for size
(Font)              <6> on input line 21.
Missing character: There is no ‚ in font cmr10!
Missing character: There is no Ä in font cmr10!
Missing character: There is no ô in font cmr10!
Missing character: There is no ‚ in font cmr10!
Missing character: There is no Ä in font cmr10!
Missing character: There is no ô in font cmr10!
Missing character: There is no ‚ in font cmr10!
Missing character: There is no Ä in font cmr10!
Missing character: There is no ô in font cmr10!
LaTeX Font Info:    External font `cmex10' loaded for size
(Font)              <9> on input line 30.
LaTeX Font Info:    External font `cmex10' loaded for size
(Font)              <5> on input line 30.
LaTeX Font Info:    Try loading font information for OMS+cmr on input line 30.
("C:\Program Files\MiKTeX 2.9\tex\latex\base\omscmr.fd"
File: omscmr.fd 2014/09/29 v2.5h Standard LaTeX font definitions
)
LaTeX Font Info:    Font shape `OMS/cmr/m/n' in size <9> not available
(Font)              Font shape `OMS/cmsy/m/n' tried instead on input line 30.
Missing character: There is no ‚ in font cmr10!
Missing character: There is no Ä in font cmr10!
Missing character: There is no ú in font cmr10!
Missing character: There is no ‚ in font cmr10!
Missing character: There is no Ä in font cmr10!
Missing character: There is no ù in font cmr10!
 [1

{C:/ProgramData/MiKTeX/2.9/pdftex/config/pdftex.map}]
<edgesTypes.png, id=14, 370.986pt x 236.082pt>
File: edgesTypes.png Graphic file (type png)
 <use edgesTypes.png>
Package pdftex.def Info: edgesTypes.png used on input line 46.
(pdftex.def)             Requested size: 140.92793pt x 89.67966pt.

<edgesInImageSubBlock.png, id=16, 436.45412pt x 250.11089pt>
File: edgesInImageSubBlock.png Graphic file (type png)

<use edgesInImageSubBlock.png>
Package pdftex.def Info: edgesInImageSubBlock.png used on input line 57.
(pdftex.def)             Requested size: 187.89914pt x 107.67914pt.


LaTeX Warning: `h' float specifier changed to `ht'.

Missing character: There is no Ô in font cmr10!
Missing character: There is no ¨ in font cmr10!
Missing character: There is no Å in font cmr10!
Missing character: There is no Ô in font cmr10!
Missing character: There is no ¨ in font cmr10!
Missing character: There is no Å in font cmr10!
Missing character: There is no Ô in font cmr10!
Missing character: There is no ¨ in font cmr10!
Missing character: There is no Å in font cmr10!
Missing character: There is no Ô in font cmr10!
Missing character: There is no ¨ in font cmr10!
Missing character: There is no Å in font cmr10!
Missing character: There is no √ in font cmr10!
Missing character: There is no ó in font cmr10!
Missing character: There is no Ô in font cmr10!
Missing character: There is no ¨ in font cmr10!
Missing character: There is no Å in font cmr10!
Missing character: There is no √ in font cmr10!
Missing character: There is no ó in font cmr10!
[2 <./edgesTypes.png>] <EDH.png, id=21, 565.51276pt x 208.67963pt>
File: EDH.png Graphic file (type png)

<use EDH.png>
Package pdftex.def Info: EDH.png used on input line 68.
(pdftex.def)             Requested size: 187.89914pt x 69.33574pt.
 <globalEDH.png, id=22, 764.35562pt x 225.84375pt>
File: globalEDH.png Graphic file (type png)

<use globalEDH.png>
Package pdftex.def Info: globalEDH.png used on input line 77.
(pdftex.def)             Requested size: 187.89914pt x 55.51656pt.
 [3 <./edgesInImageSubBlock.png> <./EDH.png> <./globalEDH.png>]
LaTeX Font Info:    External font `cmex10' loaded for size
(Font)              <10.95> on input line 84.

Overfull \hbox (44.86049pt too wide) detected at line 86
[]\OML/cmm/m/it/10.95 D\OT1/cmr/m/n/10.95 (\OML/cmm/m/it/10.95 A; B\OT1/cmr/m/n
/10.95 ) = [] [] + 5 [] [] + [] []
 []

<semiGlobalEDH.png, id=28, 655.248pt x 177.7842pt>
File: semiGlobalEDH.png Graphic file (type png)
 <use semiGlobalEDH.png>
Package pdftex.def Info: semiGlobalEDH.png used on input line 91.
(pdftex.def)             Requested size: 187.89914pt x 50.98097pt.


LaTeX Warning: Reference `colorLayoutExample' on page 4 undefined on input line
 99.

<colorLayoutExample.png, id=29, 555.9972pt x 163.3302pt>
File: colorLayoutExample.png Graphic file (type png)

<use colorLayoutExample.png>
Package pdftex.def Info: colorLayoutExample.png used on input line 104.
(pdftex.def)             Requested size: 187.89914pt x 55.19757pt.


LaTeX Warning: Reference `colorLayoutCombinedEdgeSim' on page 4 undefined on in
put line 110.


Overfull \hbox (693.83833pt too wide) detected at line 115
[]\OML/cmm/m/it/10.95 D\OT1/cmr/m/n/10.95 (\OML/cmm/m/it/10.95 A; B\OT1/cmr/m/n
/10.95 ) = [] [] + 5 [] [] + [] [] + [] [] + [] [] + [] [] + [] []
 []

<lireBlockDiagram.png, id=30, 245.3895pt x 152.0955pt>
File: lireBlockDiagram.png Graphic file (type png)

<use lireBlockDiagram.png>
Package pdftex.def Info: lireBlockDiagram.png used on input line 125.
(pdftex.def)             Requested size: 234.8775pt x 145.58763pt.
 [4 <./semiGlobalEDH.png> <./colorLayoutExample.png>]
LaTeX Font Info:    Font shape `OMS/cmr/m/n' in size <10.95> not available
(Font)              Font shape `OMS/cmsy/m/n' tried instead on input line 140.
[5 <./lireBlockDiagram.png>]
<measurements.png, id=44, 220.32312pt x 147.04938pt>
File: measurements.png Graphic file (type png)
 <use measurements.png>
Package pdftex.def Info: measurements.png used on input line 147.
(pdftex.def)             Requested size: 140.92793pt x 94.06189pt.

<lireSettingPage.png, id=45, 501.37312pt x 197.73875pt>
File: lireSettingPage.png Graphic file (type png)

<use lireSettingPage.png>
Package pdftex.def Info: lireSettingPage.png used on input line 182.
(pdftex.def)             Requested size: 281.85587pt x 111.16742pt.
 [6 <./measurements.png> <./lireSettingPage.png>]
<AnimalSynset.png, id=51, 429.10312pt x 71.76813pt>
File: AnimalSynset.png Graphic file (type png)
 <use AnimalSynset.png>
Package pdftex.def Info: AnimalSynset.png used on input line 201.
(pdftex.def)             Requested size: 234.8775pt x 39.28421pt.

<HerbsSynset.png, id=52, 415.05063pt x 68.255pt>
File: HerbsSynset.png Graphic file (type png)
 <use HerbsSynset.png>
Package pdftex.def Info: HerbsSynset.png used on input line 205.
(pdftex.def)             Requested size: 234.8775pt x 38.62558pt.

<OwlSynset.png, id=53, 427.09563pt x 60.225pt>
File: OwlSynset.png Graphic file (type png)
 <use OwlSynset.png>
Package pdftex.def Info: OwlSynset.png used on input line 208.
(pdftex.def)             Requested size: 234.8775pt x 33.12016pt.

<ElephantSynset.png, id=54, 418.56375pt x 61.22874pt>
File: ElephantSynset.png Graphic file (type png)
 <use ElephantSynset.png>
Package pdftex.def Info: ElephantSynset.png used on input line 211.
(pdftex.def)             Requested size: 234.8775pt x 34.35791pt.

<queries.png, id=55, 743.4174pt x 351.714pt>
File: queries.png Graphic file (type png)
 <use queries.png>
Package pdftex.def Info: queries.png used on input line 222.
(pdftex.def)             Requested size: 234.8775pt x 111.11786pt.

<PrResults.png, id=56, 642.7212pt x 428.3202pt>
File: PrResults.png Graphic file (type png)
 <use PrResults.png>
Package pdftex.def Info: PrResults.png used on input line 229.
(pdftex.def)             Requested size: 422.77664pt x 281.74454pt.


LaTeX Warning: `h' float specifier changed to `ht'.

<ResultsRecall.png, id=57, 642.7212pt x 428.3202pt>
File: ResultsRecall.png Graphic file (type png)
 <use ResultsRecall.png>
Package pdftex.def Info: ResultsRecall.png used on input line 240.
(pdftex.def)             Requested size: 422.77664pt x 281.74454pt.


LaTeX Warning: `h' float specifier changed to `ht'.

<ResultsF.png, id=58, 642.7212pt x 428.3202pt>
File: ResultsF.png Graphic file (type png)
 <use ResultsF.png>
Package pdftex.def Info: ResultsF.png used on input line 249.
(pdftex.def)             Requested size: 422.77664pt x 281.74454pt.
 [7 <./AnimalSynset.png> <./HerbsSynset.png> <./OwlSynset.png> <./ElephantSynse
t.png> <./queries.png>]

LaTeX Warning: `h' float specifier changed to `ht'.

Missing character: There is no ‚ in font cmr10!
Missing character: There is no Ä in font cmr10!
Missing character: There is no ú in font cmr10!
Missing character: There is no ‚ in font cmr10!
Missing character: There is no Ä in font cmr10!
Missing character: There is no ù in font cmr10!
Missing character: There is no ‚ in font cmr10!
Missing character: There is no Ä in font cmr10!
Missing character: There is no ú in font cmr10!
Missing character: There is no ‚ in font cmr10!
Missing character: There is no Ä in font cmr10!
Missing character: There is no ù in font cmr10!
Missing character: There is no ‚ in font cmr10!
Missing character: There is no Ä in font cmr10!
Missing character: There is no ô in font cmr10!
<mAP.png, id=69, 642.2394pt x 428.3202pt>
File: mAP.png Graphic file (type png)
 <use mAP.png>
Package pdftex.def Info: mAP.png used on input line 262.
(pdftex.def)             Requested size: 422.77664pt x 281.9602pt.
Missing character: There is no √ in font cmr10!
Missing character: There is no ∂ in font cmr10!
 [8 <./PrResults.png>]
(SWEP-Paper-ver0.1.bbl
Missing character: There is no ‚ in font cmr10!
Missing character: There is no Ä in font cmr10!
Missing character: There is no ô in font cmr10!
 [9 <./ResultsRecall.png>] [10 <./ResultsF.png>])
[11 <./mAP.png>] (SWEP-Paper-ver0.1.aux)

LaTeX Warning: There were undefined references.

 ) 
Here is how much of TeX's memory you used:
 3844 strings out of 493323
 59595 string characters out of 3139068
 129723 words of memory out of 3000000
 7333 multiletter control sequences out of 15000+200000
 10545 words of font info for 37 fonts, out of 3000000 for 9000
 1141 hyphenation exceptions out of 8191
 39i,11n,39p,1341b,322s stack positions out of 5000i,500n,10000p,200000b,50000s
<C:/Program Files/MiKTeX 2.9/fonts/type1/public/amsfonts/cm/cmbx10.pfb><C:/Pr
ogram Files/MiKTeX 2.9/fonts/type1/public/amsfonts/cm/cmbx12.pfb><C:/Program Fi
les/MiKTeX 2.9/fonts/type1/public/amsfonts/cm/cmex10.pfb><C:/Program Files/MiKT
eX 2.9/fonts/type1/public/amsfonts/cm/cmmi10.pfb><C:/Program Files/MiKTeX 2.9/f
onts/type1/public/amsfonts/cm/cmmi8.pfb><C:/Program Files/MiKTeX 2.9/fonts/type
1/public/amsfonts/cm/cmr10.pfb><C:/Program Files/MiKTeX 2.9/fonts/type1/public/
amsfonts/cm/cmr12.pfb><C:/Program Files/MiKTeX 2.9/fonts/type1/public/amsfonts/
cm/cmr17.pfb><C:/Program Files/MiKTeX 2.9/fonts/type1/public/amsfonts/cm/cmr6.p
fb><C:/Program Files/MiKTeX 2.9/fonts/type1/public/amsfonts/cm/cmr8.pfb><C:/Pro
gram Files/MiKTeX 2.9/fonts/type1/public/amsfonts/cm/cmr9.pfb><C:/Program Files
/MiKTeX 2.9/fonts/type1/public/amsfonts/cm/cmsy10.pfb><C:/Program Files/MiKTeX 
2.9/fonts/type1/public/amsfonts/cm/cmsy9.pfb><C:/Program Files/MiKTeX 2.9/fonts
/type1/public/amsfonts/cm/cmti10.pfb><C:/Program Files/MiKTeX 2.9/fonts/type1/p
ublic/amsfonts/cm/cmtt10.pfb>
Output written on SWEP-Paper-ver0.1.pdf (11 pages, 4494356 bytes).
PDF statistics:
 134 PDF objects out of 1000 (max. 8388607)
 0 named destinations out of 1000 (max. 500000)
 91 words of extra memory for PDF output out of 10000 (max. 10000000)

